app/build/intermediates/manifest_merge_blame_file/debug/manifest-merger-blame-debug-report.txt
1<?xml version="1.0" encoding="utf-8"?>
2<manifest xmlns:android="http://schemas.android.com/apk/res/android"
3    package="com.example.quizbuster"
4    android:versionCode="1"
5    android:versionName="1.0" >
6
7    <uses-sdk
8        android:minSdkVersion="17"
8-->src\main\AndroidManifest.xml
9        android:targetSdkVersion="30" />
9-->src\main\AndroidManifest.xml
10
11    <application
11-->src\main\AndroidManifest.xml:5:5-30:19
12        android:allowBackup="true"
12-->src\main\AndroidManifest.xml:6:9-35
13        android:appComponentFactory="androidx.core.app.CoreComponentFactory"
13-->[androidx.core:core:1.3.2] AndroidManifest.xml:24:18-86
14        android:debuggable="true"
15        android:icon="@mipmap/ic_launcher"
15-->src\main\AndroidManifest.xml:7:9-43
16        android:label="@string/app_name"
16-->src\main\AndroidManifest.xml:8:9-41
17        android:roundIcon="@mipmap/ic_launcher_round"
17-->src\main\AndroidManifest.xml:9:9-54
18        android:supportsRtl="true"
18-->src\main\AndroidManifest.xml:10:9-35
19        android:testOnly="true"
20        android:theme="@style/Theme.QuizBuster" >
20-->src\main\AndroidManifest.xml:11:9-48
21        <activity
21-->src\main\AndroidManifest.xml:12:9-14:71
22            android:name="com.example.quizbuster.ResultActivity"
22-->src\main\AndroidManifest.xml:12:19-49
23            android:screenOrientation="portrait"
23-->src\main\AndroidManifest.xml:13:13-49
24            android:theme="@style/Theme.QuizBuster.NoActionBarTheme" />
24-->src\main\AndroidManifest.xml:14:13-69
25        <activity
25-->src\main\AndroidManifest.xml:15:9-18:72
26            android:name="com.example.quizbuster.QuizActivity"
26-->src\main\AndroidManifest.xml:16:13-41
27            android:screenOrientation="portrait"
27-->src\main\AndroidManifest.xml:17:13-49
28            android:theme="@style/Theme.QuizBuster.NoActionBarTheme" />
28-->src\main\AndroidManifest.xml:18:13-69
29        <activity
29-->src\main\AndroidManifest.xml:19:9-29:20
30            android:name="com.example.quizbuster.MainActivity"
30-->src\main\AndroidManifest.xml:20:13-41
31            android:screenOrientation="portrait"
31-->src\main\AndroidManifest.xml:21:13-49
32            android:theme="@style/Theme.QuizBuster.NoActionBarTheme"
32-->src\main\AndroidManifest.xml:22:13-69
33            android:windowSoftInputMode="adjustResize" >
33-->src\main\AndroidManifest.xml:23:13-55
34            <intent-filter>
34-->src\main\AndroidManifest.xml:24:13-28:29
35                <action android:name="android.intent.action.MAIN" />
35-->src\main\AndroidManifest.xml:25:17-69
35-->src\main\AndroidManifest.xml:25:25-66
36
37                <category android:name="android.intent.category.LAUNCHER" />
37-->src\main\AndroidManifest.xml:27:17-77
37-->src\main\AndroidManifest.xml:27:27-74
38            </intent-filter>
39        </activity>
40    </application>
41
42</manifest>